/bin/bash: ./train_scipt_edge_conv.sh: Permission denied

------------------------------------------------------------
Sender: LSF System <lsfadmin@hpc.dtu.dk>
Subject: Job 10231054: <NONAME> in cluster <dcc> Exited

Job <NONAME> was submitted from host <gbarlogin1> by user <tfehjo> in cluster <dcc> at Thu Sep  2 18:42:44 2021
Job was executed on host(s) <n-62-11-62>, in queue <hpc>, as user <tfehjo> in cluster <dcc> at Thu Sep  2 18:42:45 2021
</zhome/2b/7/117471> was used as the home directory.
</zhome/2b/7/117471/Thesis/train_scripts> was used as the working directory.
Started at Thu Sep  2 18:42:45 2021
Terminated at Thu Sep  2 18:42:45 2021
Results reported at Thu Sep  2 18:42:45 2021

Your job looked like:

------------------------------------------------------------
# LSBATCH: User input
train_scipt_edge_conv.sh
------------------------------------------------------------

Exited with exit code 126.

Resource usage summary:

    CPU time :                                   0.23 sec.
    Max Memory :                                 -
    Average Memory :                             -
    Total Requested Memory :                     1024.00 MB
    Delta Memory :                               -
    Max Swap :                                   -
    Max Processes :                              -
    Max Threads :                                -
    Run time :                                   31 sec.
    Turnaround time :                            1 sec.

The output (if any) is above this job summary.

